<?xml version="1.0" encoding="UTF-8"?>
<testng-results ignored="0" total="1" passed="1" failed="0" skipped="0">
  <reporter-output>
  </reporter-output>
  <suite started-at="2022-11-12T11:29:11 IST" name="Default suite" finished-at="2022-11-12T11:29:33 IST" duration-ms="22672">
    <groups>
    </groups>
    <test started-at="2022-11-12T11:29:11 IST" name="Default test" finished-at="2022-11-12T11:29:33 IST" duration-ms="22672">
      <class name="com.timetracking.actimtime.automation.basicTestScripts.CreateProducts">
        <test-method is-config="true" signature="bsConfig()[pri:0, instance:com.timetracking.actimtime.automation.basicTestScripts.CreateProducts@3ee37e5a]" started-at="2022-11-12T11:29:11 IST" name="bsConfig" finished-at="2022-11-12T11:29:11 IST" duration-ms="6" status="PASS">
          <reporter-output>
          </reporter-output>
        </test-method> <!-- bsConfig -->
        <test-method is-config="true" signature="bcConfig()[pri:0, instance:com.timetracking.actimtime.automation.basicTestScripts.CreateProducts@3ee37e5a]" started-at="2022-11-12T11:29:11 IST" name="bcConfig" finished-at="2022-11-12T11:29:22 IST" duration-ms="11500" status="PASS">
          <reporter-output>
          </reporter-output>
        </test-method> <!-- bcConfig -->
        <test-method is-config="true" signature="bmConfig()[pri:0, instance:com.timetracking.actimtime.automation.basicTestScripts.CreateProducts@3ee37e5a]" started-at="2022-11-12T11:29:22 IST" name="bmConfig" finished-at="2022-11-12T11:29:22 IST" duration-ms="230" status="PASS">
          <reporter-output>
          </reporter-output>
        </test-method> <!-- bmConfig -->
        <test-method signature="createProductsAndVerifyProductName()[pri:0, instance:com.timetracking.actimtime.automation.basicTestScripts.CreateProducts@3ee37e5a]" started-at="2022-11-12T11:29:22 IST" name="createProductsAndVerifyProductName" finished-at="2022-11-12T11:29:31 IST" duration-ms="8377" status="PASS">
          <reporter-output>
          </reporter-output>
        </test-method> <!-- createProductsAndVerifyProductName -->
        <test-method is-config="true" signature="amVConfig()[pri:0, instance:com.timetracking.actimtime.automation.basicTestScripts.CreateProducts@3ee37e5a]" started-at="2022-11-12T11:29:31 IST" name="amVConfig" finished-at="2022-11-12T11:29:33 IST" duration-ms="2134" status="PASS">
          <reporter-output>
          </reporter-output>
        </test-method> <!-- amVConfig -->
        <test-method is-config="true" signature="acConfig()[pri:0, instance:com.timetracking.actimtime.automation.basicTestScripts.CreateProducts@3ee37e5a]" started-at="2022-11-12T11:29:33 IST" name="acConfig" finished-at="2022-11-12T11:29:33 IST" duration-ms="406" status="PASS">
          <reporter-output>
          </reporter-output>
        </test-method> <!-- acConfig -->
        <test-method is-config="true" signature="asConfig()[pri:0, instance:com.timetracking.actimtime.automation.basicTestScripts.CreateProducts@3ee37e5a]" started-at="2022-11-12T11:29:33 IST" name="asConfig" finished-at="2022-11-12T11:29:33 IST" duration-ms="0" status="PASS">
          <reporter-output>
          </reporter-output>
        </test-method> <!-- asConfig -->
      </class> <!-- com.timetracking.actimtime.automation.basicTestScripts.CreateProducts -->
    </test> <!-- Default test -->
  </suite> <!-- Default suite -->
</testng-results>
